Analysis & Synthesis report for FINAL
Tue Dec 06 10:31:51 2022
Quartus Prime Version 20.1.0 Build 711 06/05/2020 SJ Lite Edition


---------------------
; Table of Contents ;
---------------------
  1. Legal Notice
  2. Analysis & Synthesis Summary
  3. Analysis & Synthesis Settings
  4. Parallel Compilation
  5. Analysis & Synthesis Source Files Read
  6. Analysis & Synthesis Resource Usage Summary
  7. Analysis & Synthesis Resource Utilization by Entity
  8. Registers Removed During Synthesis
  9. General Register Statistics
 10. Post-Synthesis Netlist Statistics for Top Partition
 11. Elapsed Time Per Partition
 12. Analysis & Synthesis Messages
 13. Analysis & Synthesis Suppressed Messages



----------------
; Legal Notice ;
----------------
Copyright (C) 2020  Intel Corporation. All rights reserved.
Your use of Intel Corporation's design tools, logic functions 
and other software and tools, and any partner logic 
functions, and any output files from any of the foregoing 
(including device programming or simulation files), and any 
associated documentation or information are expressly subject 
to the terms and conditions of the Intel Program License 
Subscription Agreement, the Intel Quartus Prime License Agreement,
the Intel FPGA IP License Agreement, or other applicable license
agreement, including, without limitation, that your use is for
the sole purpose of programming logic devices manufactured by
Intel and sold by Intel or its authorized distributors.  Please
refer to the applicable agreement for further details, at
https://fpgasoftware.intel.com/eula.



+----------------------------------------------------------------------------------+
; Analysis & Synthesis Summary                                                     ;
+------------------------------------+---------------------------------------------+
; Analysis & Synthesis Status        ; Successful - Tue Dec 06 10:31:51 2022       ;
; Quartus Prime Version              ; 20.1.0 Build 711 06/05/2020 SJ Lite Edition ;
; Revision Name                      ; FINAL                                       ;
; Top-level Entity Name              ; Project                                     ;
; Family                             ; MAX 10                                      ;
; Total logic elements               ; 88                                          ;
;     Total combinational functions  ; 69                                          ;
;     Dedicated logic registers      ; 51                                          ;
; Total registers                    ; 51                                          ;
; Total pins                         ; 63                                          ;
; Total virtual pins                 ; 0                                           ;
; Total memory bits                  ; 0                                           ;
; Embedded Multiplier 9-bit elements ; 0                                           ;
; Total PLLs                         ; 0                                           ;
; UFM blocks                         ; 0                                           ;
; ADC blocks                         ; 0                                           ;
+------------------------------------+---------------------------------------------+


+------------------------------------------------------------------------------------------------------------+
; Analysis & Synthesis Settings                                                                              ;
+------------------------------------------------------------------+--------------------+--------------------+
; Option                                                           ; Setting            ; Default Value      ;
+------------------------------------------------------------------+--------------------+--------------------+
; Device                                                           ; 10M50DAF484C7G     ;                    ;
; Top-level entity name                                            ; Project            ; FINAL              ;
; Family name                                                      ; MAX 10             ; Cyclone V          ;
; Use smart compilation                                            ; Off                ; Off                ;
; Enable parallel Assembler and Timing Analyzer during compilation ; On                 ; On                 ;
; Enable compact report table                                      ; Off                ; Off                ;
; Restructure Multiplexers                                         ; Auto               ; Auto               ;
; Create Debugging Nodes for IP Cores                              ; Off                ; Off                ;
; Preserve fewer node names                                        ; On                 ; On                 ;
; Intel FPGA IP Evaluation Mode                                    ; Enable             ; Enable             ;
; Verilog Version                                                  ; Verilog_2001       ; Verilog_2001       ;
; VHDL Version                                                     ; VHDL_1993          ; VHDL_1993          ;
; State Machine Processing                                         ; Auto               ; Auto               ;
; Safe State Machine                                               ; Off                ; Off                ;
; Extract Verilog State Machines                                   ; On                 ; On                 ;
; Extract VHDL State Machines                                      ; On                 ; On                 ;
; Ignore Verilog initial constructs                                ; Off                ; Off                ;
; Iteration limit for constant Verilog loops                       ; 5000               ; 5000               ;
; Iteration limit for non-constant Verilog loops                   ; 250                ; 250                ;
; Add Pass-Through Logic to Inferred RAMs                          ; On                 ; On                 ;
; Infer RAMs from Raw Logic                                        ; On                 ; On                 ;
; Parallel Synthesis                                               ; On                 ; On                 ;
; DSP Block Balancing                                              ; Auto               ; Auto               ;
; NOT Gate Push-Back                                               ; On                 ; On                 ;
; Power-Up Don't Care                                              ; On                 ; On                 ;
; Remove Redundant Logic Cells                                     ; Off                ; Off                ;
; Remove Duplicate Registers                                       ; On                 ; On                 ;
; Ignore CARRY Buffers                                             ; Off                ; Off                ;
; Ignore CASCADE Buffers                                           ; Off                ; Off                ;
; Ignore GLOBAL Buffers                                            ; Off                ; Off                ;
; Ignore ROW GLOBAL Buffers                                        ; Off                ; Off                ;
; Ignore LCELL Buffers                                             ; Off                ; Off                ;
; Ignore SOFT Buffers                                              ; On                 ; On                 ;
; Limit AHDL Integers to 32 Bits                                   ; Off                ; Off                ;
; Optimization Technique                                           ; Balanced           ; Balanced           ;
; Carry Chain Length                                               ; 70                 ; 70                 ;
; Auto Carry Chains                                                ; On                 ; On                 ;
; Auto Open-Drain Pins                                             ; On                 ; On                 ;
; Perform WYSIWYG Primitive Resynthesis                            ; Off                ; Off                ;
; Auto ROM Replacement                                             ; On                 ; On                 ;
; Auto RAM Replacement                                             ; On                 ; On                 ;
; Auto DSP Block Replacement                                       ; On                 ; On                 ;
; Auto Shift Register Replacement                                  ; Auto               ; Auto               ;
; Allow Shift Register Merging across Hierarchies                  ; Auto               ; Auto               ;
; Auto Clock Enable Replacement                                    ; On                 ; On                 ;
; Strict RAM Replacement                                           ; Off                ; Off                ;
; Allow Synchronous Control Signals                                ; On                 ; On                 ;
; Force Use of Synchronous Clear Signals                           ; Off                ; Off                ;
; Auto RAM Block Balancing                                         ; On                 ; On                 ;
; Auto RAM to Logic Cell Conversion                                ; Off                ; Off                ;
; Auto Resource Sharing                                            ; Off                ; Off                ;
; Allow Any RAM Size For Recognition                               ; Off                ; Off                ;
; Allow Any ROM Size For Recognition                               ; Off                ; Off                ;
; Allow Any Shift Register Size For Recognition                    ; Off                ; Off                ;
; Use LogicLock Constraints during Resource Balancing              ; On                 ; On                 ;
; Ignore translate_off and synthesis_off directives                ; Off                ; Off                ;
; Timing-Driven Synthesis                                          ; On                 ; On                 ;
; Report Parameter Settings                                        ; On                 ; On                 ;
; Report Source Assignments                                        ; On                 ; On                 ;
; Report Connectivity Checks                                       ; On                 ; On                 ;
; Ignore Maximum Fan-Out Assignments                               ; Off                ; Off                ;
; Synchronization Register Chain Length                            ; 2                  ; 2                  ;
; Power Optimization During Synthesis                              ; Normal compilation ; Normal compilation ;
; HDL message level                                                ; Level2             ; Level2             ;
; Suppress Register Optimization Related Messages                  ; Off                ; Off                ;
; Number of Removed Registers Reported in Synthesis Report         ; 5000               ; 5000               ;
; Number of Swept Nodes Reported in Synthesis Report               ; 5000               ; 5000               ;
; Number of Inverted Registers Reported in Synthesis Report        ; 100                ; 100                ;
; Clock MUX Protection                                             ; On                 ; On                 ;
; Auto Gated Clock Conversion                                      ; Off                ; Off                ;
; Block Design Naming                                              ; Auto               ; Auto               ;
; SDC constraint protection                                        ; Off                ; Off                ;
; Synthesis Effort                                                 ; Auto               ; Auto               ;
; Shift Register Replacement - Allow Asynchronous Clear Signal     ; On                 ; On                 ;
; Pre-Mapping Resynthesis Optimization                             ; Off                ; Off                ;
; Analysis & Synthesis Message Level                               ; Medium             ; Medium             ;
; Disable Register Merging Across Hierarchies                      ; Auto               ; Auto               ;
; Resource Aware Inference For Block RAM                           ; On                 ; On                 ;
+------------------------------------------------------------------+--------------------+--------------------+


+------------------------------------------+
; Parallel Compilation                     ;
+----------------------------+-------------+
; Processors                 ; Number      ;
+----------------------------+-------------+
; Number detected on machine ; 12          ;
; Maximum allowed            ; 6           ;
;                            ;             ;
; Average used               ; 1.00        ;
; Maximum used               ; 6           ;
;                            ;             ;
; Usage by Processor         ; % Time Used ;
;     Processor 1            ; 100.0%      ;
;     Processors 2-6         ;   0.0%      ;
+----------------------------+-------------+


+-------------------------------------------------------------------------------------------------------------------------------------+
; Analysis & Synthesis Source Files Read                                                                                              ;
+----------------------------------+-----------------+------------------------------+---------------------------------------+---------+
; File Name with User-Entered Path ; Used in Netlist ; File Type                    ; File Name with Absolute Path          ; Library ;
+----------------------------------+-----------------+------------------------------+---------------------------------------+---------+
; Project.sv                       ; yes             ; User SystemVerilog HDL File  ; Z:/EECS 3201/Final Project/Project.sv ;         ;
+----------------------------------+-----------------+------------------------------+---------------------------------------+---------+


+---------------------------------------------------------+
; Analysis & Synthesis Resource Usage Summary             ;
+---------------------------------------------+-----------+
; Resource                                    ; Usage     ;
+---------------------------------------------+-----------+
; Estimated Total logic elements              ; 88        ;
;                                             ;           ;
; Total combinational functions               ; 69        ;
; Logic element usage by number of LUT inputs ;           ;
;     -- 4 input functions                    ; 14        ;
;     -- 3 input functions                    ; 5         ;
;     -- <=2 input functions                  ; 50        ;
;                                             ;           ;
; Logic elements by mode                      ;           ;
;     -- normal mode                          ; 45        ;
;     -- arithmetic mode                      ; 24        ;
;                                             ;           ;
; Total registers                             ; 51        ;
;     -- Dedicated logic registers            ; 51        ;
;     -- I/O registers                        ; 0         ;
;                                             ;           ;
; I/O pins                                    ; 63        ;
;                                             ;           ;
; Embedded Multiplier 9-bit elements          ; 0         ;
;                                             ;           ;
; Maximum fan-out node                        ; clk~input ;
; Maximum fan-out                             ; 51        ;
; Total fan-out                               ; 378       ;
; Average fan-out                             ; 1.54      ;
+---------------------------------------------+-----------+


+------------------------------------------------------------------------------------------------------------------------------------------------------------------------------------------------------------------------------------+
; Analysis & Synthesis Resource Utilization by Entity                                                                                                                                                                                ;
+----------------------------+---------------------+---------------------------+-------------+------------+--------------+---------+-----------+------+--------------+------------+---------------------+-------------+--------------+
; Compilation Hierarchy Node ; Combinational ALUTs ; Dedicated Logic Registers ; Memory Bits ; UFM Blocks ; DSP Elements ; DSP 9x9 ; DSP 18x18 ; Pins ; Virtual Pins ; ADC blocks ; Full Hierarchy Name ; Entity Name ; Library Name ;
+----------------------------+---------------------+---------------------------+-------------+------------+--------------+---------+-----------+------+--------------+------------+---------------------+-------------+--------------+
; |Project                   ; 69 (69)             ; 51 (51)                   ; 0           ; 0          ; 0            ; 0       ; 0         ; 63   ; 0            ; 0          ; |Project            ; Project     ; work         ;
+----------------------------+---------------------+---------------------------+-------------+------------+--------------+---------+-----------+------+--------------+------------+---------------------+-------------+--------------+
Note: For table entries with two numbers listed, the numbers in parentheses indicate the number of resources of the given type used by the specific entity alone. The numbers listed outside of parentheses indicate the total resources of the given type used by the specific entity and all of its sub-entities in the hierarchy.


+---------------------------------------------------------------------------------+
; Registers Removed During Synthesis                                              ;
+----------------------------------------+----------------------------------------+
; Register name                          ; Reason for Removal                     ;
+----------------------------------------+----------------------------------------+
; HEX0[1]~reg0                           ; Merged with HEX0[0]~reg0               ;
; HEX0[2]~reg0                           ; Merged with HEX0[0]~reg0               ;
; HEX0[7]~reg0                           ; Merged with HEX0[0]~reg0               ;
; HEX1[1]~reg0                           ; Merged with HEX0[0]~reg0               ;
; HEX1[7]~reg0                           ; Merged with HEX0[0]~reg0               ;
; HEX2[1]~reg0                           ; Merged with HEX0[0]~reg0               ;
; HEX2[7]~reg0                           ; Merged with HEX0[0]~reg0               ;
; HEX0[5]~reg0                           ; Merged with HEX0[3]~reg0               ;
; HEX1[0]~reg0                           ; Merged with HEX0[3]~reg0               ;
; HEX1[5]~reg0                           ; Merged with HEX0[3]~reg0               ;
; HEX2[0]~reg0                           ; Merged with HEX0[3]~reg0               ;
; HEX2[2]~reg0                           ; Merged with HEX0[3]~reg0               ;
; HEX2[3]~reg0                           ; Merged with HEX0[3]~reg0               ;
; HEX2[5]~reg0                           ; Merged with HEX0[3]~reg0               ;
; HEX0[6]~reg0                           ; Merged with HEX0[4]~reg0               ;
; HEX1[3]~reg0                           ; Merged with HEX0[4]~reg0               ;
; HEX1[4]~reg0                           ; Merged with HEX0[4]~reg0               ;
; HEX1[6]~reg0                           ; Merged with HEX0[4]~reg0               ;
; HEX2[6]~reg0                           ; Merged with HEX0[4]~reg0               ;
; HEX2[4]~reg0                           ; Merged with HEX1[2]~reg0               ;
; HEX3[1]~reg0                           ; Merged with HEX3[0]~reg0               ;
; HEX3[2]~reg0                           ; Merged with HEX3[0]~reg0               ;
; HEX3[3]~reg0                           ; Merged with HEX3[0]~reg0               ;
; HEX3[5]~reg0                           ; Merged with HEX3[0]~reg0               ;
; HEX3[7]~reg0                           ; Merged with HEX3[0]~reg0               ;
; HEX4[1]~reg0                           ; Merged with HEX3[0]~reg0               ;
; HEX4[2]~reg0                           ; Merged with HEX3[0]~reg0               ;
; HEX4[7]~reg0                           ; Merged with HEX3[0]~reg0               ;
; HEX3[6]~reg0                           ; Merged with HEX3[4]~reg0               ;
; HEX4[0]~reg0                           ; Merged with HEX3[4]~reg0               ;
; HEX4[3]~reg0                           ; Merged with HEX3[4]~reg0               ;
; HEX4[4]~reg0                           ; Merged with HEX3[4]~reg0               ;
; HEX4[5]~reg0                           ; Merged with HEX3[4]~reg0               ;
; HEX4[6]~reg0                           ; Merged with HEX3[4]~reg0               ;
; HEX0[0]~reg0                           ; Stuck at VCC due to stuck port data_in ;
; HEX3[0]~reg0                           ; Stuck at VCC due to stuck port data_in ;
; Total Number of Removed Registers = 36 ;                                        ;
+----------------------------------------+----------------------------------------+


+------------------------------------------------------+
; General Register Statistics                          ;
+----------------------------------------------+-------+
; Statistic                                    ; Value ;
+----------------------------------------------+-------+
; Total registers                              ; 51    ;
; Number of registers using Synchronous Clear  ; 0     ;
; Number of registers using Synchronous Load   ; 0     ;
; Number of registers using Asynchronous Clear ; 0     ;
; Number of registers using Asynchronous Load  ; 0     ;
; Number of registers using Clock Enable       ; 10    ;
; Number of registers using Preset             ; 0     ;
+----------------------------------------------+-------+


+-----------------------------------------------------+
; Post-Synthesis Netlist Statistics for Top Partition ;
+-----------------------+-----------------------------+
; Type                  ; Count                       ;
+-----------------------+-----------------------------+
; boundary_port         ; 63                          ;
; cycloneiii_ff         ; 51                          ;
;     ENA               ; 10                          ;
;     plain             ; 41                          ;
; cycloneiii_lcell_comb ; 70                          ;
;     arith             ; 24                          ;
;         2 data inputs ; 24                          ;
;     normal            ; 46                          ;
;         0 data inputs ; 1                           ;
;         1 data inputs ; 1                           ;
;         2 data inputs ; 25                          ;
;         3 data inputs ; 5                           ;
;         4 data inputs ; 14                          ;
;                       ;                             ;
; Max LUT depth         ; 4.40                        ;
; Average LUT depth     ; 3.28                        ;
+-----------------------+-----------------------------+


+-------------------------------+
; Elapsed Time Per Partition    ;
+----------------+--------------+
; Partition Name ; Elapsed Time ;
+----------------+--------------+
; Top            ; 00:00:00     ;
+----------------+--------------+


+-------------------------------+
; Analysis & Synthesis Messages ;
+-------------------------------+
Info: *******************************************************************
Info: Running Quartus Prime Analysis & Synthesis
    Info: Version 20.1.0 Build 711 06/05/2020 SJ Lite Edition
    Info: Processing started: Tue Dec 06 10:31:40 2022
Info: Command: quartus_map --read_settings_files=on --write_settings_files=off FINAL -c FINAL
Warning (18236): Number of processors has not been specified which may cause overloading on shared machines.  Set the global assignment NUM_PARALLEL_PROCESSORS in your QSF to an appropriate value for best performance.
Info (20030): Parallel compilation is enabled and will use 6 of the 6 processors detected
Info (12021): Found 1 design units, including 1 entities, in source file project.sv
    Info (12023): Found entity 1: Project File: Z:/EECS 3201/Final Project/Project.sv Line: 1
Info (12127): Elaborating entity "Project" for the top level hierarchy
Warning (10230): Verilog HDL assignment warning at Project.sv(73): truncated value with size 32 to match size of target (25) File: Z:/EECS 3201/Final Project/Project.sv Line: 73
Warning (13024): Output pins are stuck at VCC or GND
    Warning (13410): Pin "HEX0[0]" is stuck at VCC File: Z:/EECS 3201/Final Project/Project.sv Line: 14
    Warning (13410): Pin "HEX0[1]" is stuck at VCC File: Z:/EECS 3201/Final Project/Project.sv Line: 14
    Warning (13410): Pin "HEX0[2]" is stuck at VCC File: Z:/EECS 3201/Final Project/Project.sv Line: 14
    Warning (13410): Pin "HEX0[7]" is stuck at VCC File: Z:/EECS 3201/Final Project/Project.sv Line: 14
    Warning (13410): Pin "HEX1[1]" is stuck at VCC File: Z:/EECS 3201/Final Project/Project.sv Line: 14
    Warning (13410): Pin "HEX1[7]" is stuck at VCC File: Z:/EECS 3201/Final Project/Project.sv Line: 14
    Warning (13410): Pin "HEX2[1]" is stuck at VCC File: Z:/EECS 3201/Final Project/Project.sv Line: 14
    Warning (13410): Pin "HEX2[7]" is stuck at VCC File: Z:/EECS 3201/Final Project/Project.sv Line: 14
    Warning (13410): Pin "HEX3[0]" is stuck at VCC File: Z:/EECS 3201/Final Project/Project.sv Line: 14
    Warning (13410): Pin "HEX3[1]" is stuck at VCC File: Z:/EECS 3201/Final Project/Project.sv Line: 14
    Warning (13410): Pin "HEX3[2]" is stuck at VCC File: Z:/EECS 3201/Final Project/Project.sv Line: 14
    Warning (13410): Pin "HEX3[3]" is stuck at VCC File: Z:/EECS 3201/Final Project/Project.sv Line: 14
    Warning (13410): Pin "HEX3[5]" is stuck at VCC File: Z:/EECS 3201/Final Project/Project.sv Line: 14
    Warning (13410): Pin "HEX3[7]" is stuck at VCC File: Z:/EECS 3201/Final Project/Project.sv Line: 14
    Warning (13410): Pin "HEX4[1]" is stuck at VCC File: Z:/EECS 3201/Final Project/Project.sv Line: 14
    Warning (13410): Pin "HEX4[2]" is stuck at VCC File: Z:/EECS 3201/Final Project/Project.sv Line: 14
    Warning (13410): Pin "HEX4[7]" is stuck at VCC File: Z:/EECS 3201/Final Project/Project.sv Line: 14
Info (286030): Timing-Driven Synthesis is running
Warning (20013): Ignored 24 assignments for entity "LAB4" -- entity does not exist in design
    Warning (20014): Assignment for entity set_instance_assignment -name PARTITION_HIERARCHY root_partition -to | -entity LAB4 -section_id Top was ignored
    Warning (20014): Assignment for entity set_global_assignment -name PARTITION_NETLIST_TYPE SOURCE -entity LAB4 -section_id Top was ignored
    Warning (20014): Assignment for entity set_global_assignment -name PARTITION_FITTER_PRESERVATION_LEVEL PLACEMENT_AND_ROUTING -entity LAB4 -section_id Top was ignored
    Warning (20014): Assignment for entity set_global_assignment -name PARTITION_PRESERVE_HIGH_SPEED_TILES ON -entity LAB4 -section_id Top was ignored
    Warning (20014): Assignment for entity set_global_assignment -name PARTITION_IGNORE_SOURCE_FILE_CHANGES OFF -entity LAB4 -section_id Top was ignored
    Warning (20014): Assignment for entity set_global_assignment -name PARTITION_ALWAYS_USE_QXP_NETLIST OFF -entity LAB4 -section_id Top was ignored
    Warning (20014): Assignment for entity set_global_assignment -name PARTITION_COLOR 16764057 -entity LAB4 -section_id Top was ignored
    Warning (20014): Assignment for entity set_global_assignment -name PARTITION_IMPORT_ASSIGNMENTS ON -entity LAB4 -section_id Top was ignored
    Warning (20014): Assignment for entity set_global_assignment -name PARTITION_IMPORT_EXISTING_ASSIGNMENTS REPLACE_CONFLICTING -entity LAB4 -section_id Top was ignored
    Warning (20014): Assignment for entity set_global_assignment -name PARTITION_IMPORT_EXISTING_LOGICLOCK_REGIONS UPDATE_CONFLICTING -entity LAB4 -section_id Top was ignored
    Warning (20014): Assignment for entity set_global_assignment -name PARTITION_IMPORT_PIN_ASSIGNMENTS ON -entity LAB4 -section_id Top was ignored
    Warning (20014): Assignment for entity set_global_assignment -name PARTITION_IMPORT_PROMOTE_ASSIGNMENTS ON -entity LAB4 -section_id Top was ignored
    Warning (20014): Assignment for entity set_global_assignment -name PARTITION_TYPE STANDARD_PARTITION -entity LAB4 -section_id Top was ignored
    Warning (20014): Assignment for entity set_global_assignment -name ALLOW_MULTIPLE_PERSONAS OFF -entity LAB4 -section_id Top was ignored
    Warning (20014): Assignment for entity set_global_assignment -name PARTITION_ASD_REGION_ID 1 -entity LAB4 -section_id Top was ignored
    Warning (20014): Assignment for entity set_global_assignment -name CROSS_BOUNDARY_OPTIMIZATIONS OFF -entity LAB4 -section_id Top was ignored
    Warning (20014): Assignment for entity set_global_assignment -name PROPAGATE_CONSTANTS_ON_INPUTS ON -entity LAB4 -section_id Top was ignored
    Warning (20014): Assignment for entity set_global_assignment -name PROPAGATE_INVERSIONS_ON_INPUTS ON -entity LAB4 -section_id Top was ignored
    Warning (20014): Assignment for entity set_global_assignment -name REMOVE_LOGIC_ON_UNCONNECTED_OUTPUTS ON -entity LAB4 -section_id Top was ignored
    Warning (20014): Assignment for entity set_global_assignment -name MERGE_EQUIVALENT_INPUTS ON -entity LAB4 -section_id Top was ignored
    Warning (20014): Assignment for entity set_global_assignment -name MERGE_EQUIVALENT_BIDIRS ON -entity LAB4 -section_id Top was ignored
    Warning (20014): Assignment for entity set_global_assignment -name ABSORB_PATHS_FROM_OUTPUTS_TO_INPUTS ON -entity LAB4 -section_id Top was ignored
    Warning (20014): Assignment for entity set_global_assignment -name PARTITION_EXTRACT_HARD_BLOCK_NODES ON -entity LAB4 -section_id Top was ignored
    Warning (20014): Assignment for entity set_global_assignment -name PARTITION_ENABLE_STRICT_PRESERVATION OFF -entity LAB4 -section_id Top was ignored
Info (144001): Generated suppressed messages file Z:/EECS 3201/Final Project/output_files/FINAL.map.smsg
Info (16010): Generating hard_block partition "hard_block:auto_generated_inst"
    Info (16011): Adding 0 node(s), including 0 DDIO, 0 PLL, 0 transceiver and 0 LCELL
Info (21057): Implemented 155 device resources after synthesis - the final resource count might be different
    Info (21058): Implemented 13 input pins
    Info (21059): Implemented 50 output pins
    Info (21061): Implemented 92 logic cells
Info: Quartus Prime Analysis & Synthesis was successful. 0 errors, 45 warnings
    Info: Peak virtual memory: 4790 megabytes
    Info: Processing ended: Tue Dec 06 10:31:52 2022
    Info: Elapsed time: 00:00:12
    Info: Total CPU time (on all processors): 00:00:20


+------------------------------------------+
; Analysis & Synthesis Suppressed Messages ;
+------------------------------------------+
The suppressed messages can be found in Z:/EECS 3201/Final Project/output_files/FINAL.map.smsg.


